<?xml version="1.0" encoding="UTF-8"?>
<!-- Generated by org.testng.reporters.JUnitReportReporter -->
<testsuite hostname="ENCDAPPUNLT0268" failures="0" tests="3" name="api.testcases.StoreTest" time="12.478" errors="0" timestamp="2025-05-06T23:16:34 IST" skipped="0">
  <testcase classname="api.testcases.StoreTest" name="testCreateAnOrderData" time="6.649"/>
  <testcase classname="api.testcases.StoreTest" name="testGetAnOrderData" time="1.695"/>
  <testcase classname="api.testcases.StoreTest" name="testDeleteAnOrderData" time="4.134"/>
</testsuite> <!-- api.testcases.StoreTest -->
