<?xml version="1.0" encoding="UTF-8"?>
<!-- Generated by org.testng.reporters.JUnitReportReporter -->
<testsuite hostname="ENCDAPPUNLT0268" failures="0" tests="3" name="api.testcases.StoreTest" time="14.908" errors="0" timestamp="2025-05-06T19:19:38 IST" skipped="0">
  <testcase classname="api.testcases.StoreTest" name="testCreateAnOrderData" time="4.693"/>
  <testcase classname="api.testcases.StoreTest" name="testGetAnOrderData" time="3.084"/>
  <testcase classname="api.testcases.StoreTest" name="testDeleteAnOrderData" time="7.131"/>
</testsuite> <!-- api.testcases.StoreTest -->
