<?xml version="1.0" encoding="UTF-8"?>
<!-- Generated by org.testng.reporters.JUnitReportReporter -->
<testsuite hostname="ENCDAPPUNLT0268" failures="0" tests="4" name="api.testcases.UserTest2" time="6.826" errors="0" timestamp="2025-05-06T11:08:42 IST" skipped="0">
  <testcase classname="api.testcases.UserTest2" name="testCreateUserData" time="2.556"/>
  <testcase classname="api.testcases.UserTest2" name="testGetUserData" time="1.086"/>
  <testcase classname="api.testcases.UserTest2" name="testUpdateUserData" time="2.120"/>
  <testcase classname="api.testcases.UserTest2" name="testDeleteUserData" time="1.064"/>
</testsuite> <!-- api.testcases.UserTest2 -->
