<?xml version="1.0" encoding="UTF-8"?>
<!-- Generated by org.testng.reporters.JUnitReportReporter -->
<testsuite hostname="ENCDAPPUNLT0268" failures="0" tests="1" name="api.testcases.MyTest" time="0.006" errors="0" timestamp="2025-05-05T23:39:38 IST" skipped="0">
  <testcase classname="api.testcases.MyTest" name="sampleTest" time="0.006"/>
</testsuite> <!-- api.testcases.MyTest -->
