<?xml version="1.0" encoding="UTF-8"?>
<!-- Generated by org.testng.reporters.JUnitReportReporter -->
<testsuite hostname="ENCDAPPUNLT0268" failures="0" tests="4" name="api.testcases.UserTest" time="7.427" errors="0" timestamp="2025-05-06T20:04:29 IST" skipped="0">
  <testcase classname="api.testcases.UserTest" name="testCreateUserData" time="3.064"/>
  <testcase classname="api.testcases.UserTest" name="testGetUserData" time="1.111"/>
  <testcase classname="api.testcases.UserTest" name="testUpdateUserData" time="2.182"/>
  <testcase classname="api.testcases.UserTest" name="testDeleteUserData" time="1.070"/>
</testsuite> <!-- api.testcases.UserTest -->
