<?xml version="1.0" encoding="UTF-8"?>
<!-- Generated by org.testng.reporters.JUnitReportReporter -->
<testsuite hostname="ENCDAPPUNLT0268" failures="0" tests="4" name="api.testcases.UserTest" time="6.811" errors="0" timestamp="2025-05-06T19:28:50 IST" skipped="0">
  <testcase classname="api.testcases.UserTest" name="testCreateUserData" time="2.511"/>
  <testcase classname="api.testcases.UserTest" name="testGetUserData" time="1.110"/>
  <testcase classname="api.testcases.UserTest" name="testUpdateUserData" time="2.152"/>
  <testcase classname="api.testcases.UserTest" name="testDeleteUserData" time="1.038"/>
</testsuite> <!-- api.testcases.UserTest -->
