<?xml version="1.0" encoding="UTF-8"?>
<!-- Generated by org.testng.reporters.JUnitReportReporter -->
<testsuite hostname="ENCDAPPUNLT0268" failures="0" tests="4" name="api.testcases.UserTest2" time="5.356" errors="0" timestamp="2025-05-06T19:28:50 IST" skipped="0">
  <testcase classname="api.testcases.UserTest2" name="testCreateUserData" time="1.086"/>
  <testcase classname="api.testcases.UserTest2" name="testUpdateUserData" time="2.139"/>
  <testcase classname="api.testcases.UserTest2" name="testGetUserData" time="1.097"/>
  <testcase classname="api.testcases.UserTest2" name="testDeleteUserData" time="1.034"/>
</testsuite> <!-- api.testcases.UserTest2 -->
