<?xml version="1.0" encoding="UTF-8"?>
<!-- Generated by org.testng.reporters.JUnitReportReporter -->
<testsuite hostname="ENCDAPPUNLT0268" failures="0" tests="4" name="api.testcases.UserTest" time="14.099" errors="0" timestamp="2025-05-06T14:44:29 IST" skipped="0">
  <testcase classname="api.testcases.UserTest" name="testCreateUserData" time="4.749"/>
  <testcase classname="api.testcases.UserTest" name="testGetUserData" time="3.106"/>
  <testcase classname="api.testcases.UserTest" name="testUpdateUserData" time="4.150"/>
  <testcase classname="api.testcases.UserTest" name="testDeleteUserData" time="2.094"/>
</testsuite> <!-- api.testcases.UserTest -->
