<?xml version="1.0" encoding="UTF-8"?>
<!-- Generated by org.testng.reporters.JUnitReportReporter -->
<testsuite hostname="ENCDAPPUNLT0268" failures="0" tests="3" name="api.testcases.StoreTest" time="3.545" errors="0" timestamp="2025-05-06T20:04:29 IST" skipped="0">
  <testcase classname="api.testcases.StoreTest" name="testCreateAnOrderData" time="1.176"/>
  <testcase classname="api.testcases.StoreTest" name="testGetAnOrderData" time="1.210"/>
  <testcase classname="api.testcases.StoreTest" name="testDeleteAnOrderData" time="1.159"/>
</testsuite> <!-- api.testcases.StoreTest -->
